<?xml version="1.0" encoding="UTF-8"?>
<!-- Generated by org.testng.reporters.JUnitReportReporter -->
<testsuite hostname="SoundarMurugan" failures="0" tests="2" name="testNG.TvSearch" time="69.109" errors="0" timestamp="24 Jan 2022 14:26:51 GMT" skipped="0">
  <testcase classname="testNG.TvSearch" name="login" time="6.132"/>
  <testcase classname="testNG.TvSearch" name="MobileSearch" time="62.977"/>
</testsuite> <!-- testNG.TvSearch -->
