<?xml version="1.0" encoding="UTF-8"?>
<!-- Generated by org.testng.reporters.JUnitReportReporter -->
<testsuite hostname="SoundarMurugan" failures="0" tests="5" name="testNG.TestNGTask" time="15.860" errors="0" timestamp="24 Jan 2022 14:26:51 GMT" skipped="1">
  <testcase classname="testNG.TestNGTask" name="login" time="5.309"/>
  <testcase classname="testNG.TestNGTask" name="MobileSearch" time="6.554"/>
  <testcase classname="testNG.TestNGTask" name="WindowsHandle" time="3.933"/>
  <testcase classname="testNG.TestNGTask" name="buyNow" time="0.064"/>
  <testcase classname="testNG.TestNGTask" name="takeSS">
    <skipped/>
  </testcase> <!-- takeSS -->
</testsuite> <!-- testNG.TestNGTask -->
